# JRE version: OpenJDK Runtime Environment (8.0_242-b01) (build 1.8.0_242-release-1644-b01)
# Java VM: OpenJDK 64-Bit Server VM (25.242-b01 mixed mode windows-amd64 compressed oops)
Heap:
 PSYoungGen      total 540672K, used 447754K [0x00000000d5580000, 0x0000000100000000, 0x0000000100000000)
  eden space 382464K, 95% used [0x00000000d5580000,0x00000000eb93dd48,0x00000000ecb00000)
  from space 158208K, 52% used [0x00000000ecb00000,0x00000000f1c84ad0,0x00000000f6580000)
  to   space 157696K, 0% used [0x00000000f6600000,0x00000000f6600000,0x0000000100000000)
 ParOldGen       total 567296K, used 289975K [0x0000000080000000, 0x00000000a2a00000, 0x00000000d5580000)
  object space 567296K, 51% used [0x0000000080000000,0x0000000091b2dfa0,0x00000000a2a00000)
 Metaspace       used 108389K, capacity 116757K, committed 124968K, reserved 1159168K
  class space    used 13557K, capacity 14996K, committed 15920K, reserved 1048576K
GC Heap History (10 events):
Event: 8463.648 GC heap before
{Heap before GC invocations=112 (full 6):
 PSYoungGen      total 524288K, used 401561K [0x00000000d5580000, 0x0000000100000000, 0x0000000100000000)
  eden space 349696K, 100% used [0x00000000d5580000,0x00000000eab00000,0x00000000eab00000)
  from space 174592K, 29% used [0x00000000eab00000,0x00000000edda6798,0x00000000f5580000)
  to   space 163840K, 0% used [0x00000000f6000000,0x00000000f6000000,0x0000000100000000)
 ParOldGen       total 556032K, used 420823K [0x0000000080000000, 0x00000000a1f00000, 0x00000000d5580000)
  object space 556032K, 75% used [0x0000000080000000,0x0000000099af5cf8,0x00000000a1f00000)
 Metaspace       used 108287K, capacity 116673K, committed 124968K, reserved 1159168K
  class space    used 13553K, capacity 14992K, committed 15920K, reserved 1048576K
Event: 8463.673 GC heap after
Heap after GC invocations=112 (full 6):
 PSYoungGen      total 508416K, used 11823K [0x00000000d5580000, 0x00000000ff080000, 0x0000000100000000)
  eden space 360448K, 0% used [0x00000000d5580000,0x00000000d5580000,0x00000000eb580000)
  from space 147968K, 7% used [0x00000000f6000000,0x00000000f6b8bc38,0x00000000ff080000)
  to   space 161280K, 0% used [0x00000000eb580000,0x00000000eb580000,0x00000000f5300000)
 ParOldGen       total 556032K, used 438372K [0x0000000080000000, 0x00000000a1f00000, 0x00000000d5580000)
  object space 556032K, 78% used [0x0000000080000000,0x000000009ac19060,0x00000000a1f00000)
 Metaspace       used 108287K, capacity 116673K, committed 124968K, reserved 1159168K
  class space    used 13553K, capacity 14992K, committed 15920K, reserved 1048576K
}
Event: 8464.605 GC heap before
{Heap before GC invocations=113 (full 6):
 PSYoungGen      total 508416K, used 372271K [0x00000000d5580000, 0x00000000ff080000, 0x0000000100000000)
  eden space 360448K, 100% used [0x00000000d5580000,0x00000000eb580000,0x00000000eb580000)
  from space 147968K, 7% used [0x00000000f6000000,0x00000000f6b8bc38,0x00000000ff080000)
  to   space 161280K, 0% used [0x00000000eb580000,0x00000000eb580000,0x00000000f5300000)
 ParOldGen       total 556032K, used 438372K [0x0000000080000000, 0x00000000a1f00000, 0x00000000d5580000)
  object space 556032K, 78% used [0x0000000080000000,0x000000009ac19060,0x00000000a1f00000)
 Metaspace       used 108298K, capacity 116673K, committed 124968K, reserved 1159168K
  class space    used 13553K, capacity 14992K, committed 15920K, reserved 1048576K
Event: 8464.662 GC heap after
Heap after GC invocations=113 (full 6):
 PSYoungGen      total 521728K, used 64204K [0x00000000d5580000, 0x0000000100000000, 0x0000000100000000)
  eden space 360448K, 0% used [0x00000000d5580000,0x00000000d5580000,0x00000000eb580000)
  from space 161280K, 39% used [0x00000000eb580000,0x00000000ef433320,0x00000000f5300000)
  to   space 154624K, 0% used [0x00000000f6900000,0x00000000f6900000,0x0000000100000000)
 ParOldGen       total 556032K, used 438708K [0x0000000080000000, 0x00000000a1f00000, 0x00000000d5580000)
  object space 556032K, 78% used [0x0000000080000000,0x000000009ac6d060,0x00000000a1f00000)
 Metaspace       used 108298K, capacity 116673K, committed 124968K, reserved 1159168K
  class space    used 13553K, capacity 14992K, committed 15920K, reserved 1048576K
}
Event: 8465.742 GC heap before
{Heap before GC invocations=114 (full 6):
 PSYoungGen      total 521728K, used 424652K [0x00000000d5580000, 0x0000000100000000, 0x0000000100000000)
  eden space 360448K, 100% used [0x00000000d5580000,0x00000000eb580000,0x00000000eb580000)
  from space 161280K, 39% used [0x00000000eb580000,0x00000000ef433320,0x00000000f5300000)
  to   space 154624K, 0% used [0x00000000f6900000,0x00000000f6900000,0x0000000100000000)
 ParOldGen       total 556032K, used 438708K [0x0000000080000000, 0x00000000a1f00000, 0x00000000d5580000)
  object space 556032K, 78% used [0x0000000080000000,0x000000009ac6d060,0x00000000a1f00000)
 Metaspace       used 108323K, capacity 116673K, committed 124968K, reserved 1159168K
  class space    used 13553K, capacity 14992K, committed 15920K, reserved 1048576K
Event: 8466.224 GC heap after
Heap after GC invocations=114 (full 6):
 PSYoungGen      total 537088K, used 90719K [0x00000000d5580000, 0x0000000100000000, 0x0000000100000000)
  eden space 382464K, 0% used [0x00000000d5580000,0x00000000d5580000,0x00000000ecb00000)
  from space 154624K, 58% used [0x00000000f6900000,0x00000000fc197f70,0x0000000100000000)
  to   space 158208K, 0% used [0x00000000ecb00000,0x00000000ecb00000,0x00000000f6580000)
 ParOldGen       total 556032K, used 498785K [0x0000000080000000, 0x00000000a1f00000, 0x00000000d5580000)
  object space 556032K, 89% used [0x0000000080000000,0x000000009e718728,0x00000000a1f00000)
 Metaspace       used 108323K, capacity 116673K, committed 124968K, reserved 1159168K
  class space    used 13553K, capacity 14992K, committed 15920K, reserved 1048576K
}
Event: 8466.224 GC heap before
{Heap before GC invocations=115 (full 7):
 PSYoungGen      total 537088K, used 90719K [0x00000000d5580000, 0x0000000100000000, 0x0000000100000000)
  eden space 382464K, 0% used [0x00000000d5580000,0x00000000d5580000,0x00000000ecb00000)
  from space 154624K, 58% used [0x00000000f6900000,0x00000000fc197f70,0x0000000100000000)
  to   space 158208K, 0% used [0x00000000ecb00000,0x00000000ecb00000,0x00000000f6580000)
 ParOldGen       total 556032K, used 498785K [0x0000000080000000, 0x00000000a1f00000, 0x00000000d5580000)
  object space 556032K, 89% used [0x0000000080000000,0x000000009e718728,0x00000000a1f00000)
 Metaspace       used 108323K, capacity 116673K, committed 124968K, reserved 1159168K
  class space    used 13553K, capacity 14992K, committed 15920K, reserved 1048576K
Event: 8468.638 GC heap after
Heap after GC invocations=115 (full 7):
 PSYoungGen      total 537088K, used 0K [0x00000000d5580000, 0x0000000100000000, 0x0000000100000000)
  eden space 382464K, 0% used [0x00000000d5580000,0x00000000d5580000,0x00000000ecb00000)
  from space 154624K, 0% used [0x00000000f6900000,0x00000000f6900000,0x0000000100000000)
  to   space 158208K, 0% used [0x00000000ecb00000,0x00000000ecb00000,0x00000000f6580000)
 ParOldGen       total 567296K, used 289975K [0x0000000080000000, 0x00000000a2a00000, 0x00000000d5580000)
  object space 567296K, 51% used [0x0000000080000000,0x0000000091b2dfa0,0x00000000a2a00000)
 Metaspace       used 108323K, capacity 116673K, committed 124968K, reserved 1159168K
  class space    used 13553K, capacity 14992K, committed 15920K, reserved 1048576K
}
Event: 8469.810 GC heap before
{Heap before GC invocations=116 (full 7):
 PSYoungGen      total 537088K, used 382464K [0x00000000d5580000, 0x0000000100000000, 0x0000000100000000)
  eden space 382464K, 100% used [0x00000000d5580000,0x00000000ecb00000,0x00000000ecb00000)
  from space 154624K, 0% used [0x00000000f6900000,0x00000000f6900000,0x0000000100000000)
  to   space 158208K, 0% used [0x00000000ecb00000,0x00000000ecb00000,0x00000000f6580000)
 ParOldGen       total 567296K, used 289975K [0x0000000080000000, 0x00000000a2a00000, 0x00000000d5580000)
  object space 567296K, 51% used [0x0000000080000000,0x0000000091b2dfa0,0x00000000a2a00000)
 Metaspace       used 108340K, capacity 116673K, committed 124968K, reserved 1159168K
  class space    used 13553K, capacity 14992K, committed 15920K, reserved 1048576K
Event: 8470.005 GC heap after
Heap after GC invocations=116 (full 7):
 PSYoungGen      total 540672K, used 83474K [0x00000000d5580000, 0x0000000100000000, 0x0000000100000000)
  eden space 382464K, 0% used [0x00000000d5580000,0x00000000d5580000,0x00000000ecb00000)
  from space 158208K, 52% used [0x00000000ecb00000,0x00000000f1c84ad0,0x00000000f6580000)
  to   space 157696K, 0% used [0x00000000f6600000,0x00000000f6600000,0x0000000100000000)
 ParOldGen       total 567296K, used 289975K [0x0000000080000000, 0x00000000a2a00000, 0x00000000d5580000)
  object space 567296K, 51% used [0x0000000080000000,0x0000000091b2dfa0,0x00000000a2a00000)
 Metaspace       used 108340K, capacity 116673K, committed 124968K, reserved 1159168K
  class space    used 13553K, capacity 14992K, committed 15920K, reserved 1048576K
}

